<?xml version="1.0" encoding="UTF-8"?>
<testsuite xmlns:xsi="http://www.w3.org/2001/XMLSchema-instance" xsi:noNamespaceSchemaLocation="https://maven.apache.org/surefire/maven-surefire-plugin/xsd/surefire-test-report.xsd" name="mylib.datastructures.trees.TreesDataStructuresTest" time="0.012" tests="22" errors="0" skipped="0" failures="0">
  <properties>
[...]
</properties>
  <testcase name="testAVLSearch" classname="mylib.datastructures.trees.TreesDataStructuresTest" time="0"/>
  <testcase name="testBSTSearch" classname="mylib.datastructures.trees.TreesDataStructuresTest" time="0"/>
  <testcase name="testLeftRightRotation" classname="mylib.datastructures.trees.TreesDataStructuresTest" time="0"/>
  <testcase name="testLeftRotation" classname="mylib.datastructures.trees.TreesDataStructuresTest" time="0"/>
  <testcase name="testBSTDefaultConstructor" classname="mylib.datastructures.trees.TreesDataStructuresTest" time="0.001"/>
  <testcase name="testBSTInsertNode" classname="mylib.datastructures.trees.TreesDataStructuresTest" time="0"/>
  <testcase name="testBSTPrintBF" classname="mylib.datastructures.trees.TreesDataStructuresTest" time="0"/>
  <testcase name="testDuplicateInsertion" classname="mylib.datastructures.trees.TreesDataStructuresTest" time="0"/>
  <testcase name="testBSTInsertVal" classname="mylib.datastructures.trees.TreesDataStructuresTest" time="0"/>
  <testcase name="testBSTOverloadedConstructor1" classname="mylib.datastructures.trees.TreesDataStructuresTest" time="0"/>
  <testcase name="testBSTOverloadedConstructor2" classname="mylib.datastructures.trees.TreesDataStructuresTest" time="0"/>
  <testcase name="testRightRotation" classname="mylib.datastructures.trees.TreesDataStructuresTest" time="0"/>
  <testcase name="testDeleteNodeWithTwoChildren" classname="mylib.datastructures.trees.TreesDataStructuresTest" time="0"/>
  <testcase name="testAVLPrintInOrder" classname="mylib.datastructures.trees.TreesDataStructuresTest" time="0"/>
  <testcase name="testAVLBalance" classname="mylib.datastructures.trees.TreesDataStructuresTest" time="0"/>
  <testcase name="testAVLPrintBF" classname="mylib.datastructures.trees.TreesDataStructuresTest" time="0.001"/>
  <testcase name="testBSTPrintInOrder" classname="mylib.datastructures.trees.TreesDataStructuresTest" time="0"/>
  <testcase name="testDeleteNodeWithOneChild" classname="mylib.datastructures.trees.TreesDataStructuresTest" time="0"/>
  <testcase name="testAVLDelete" classname="mylib.datastructures.trees.TreesDataStructuresTest" time="0"/>
  <testcase name="testBSTDelete" classname="mylib.datastructures.trees.TreesDataStructuresTest" time="0"/>
  <testcase name="testRightLeftRotation" classname="mylib.datastructures.trees.TreesDataStructuresTest" time="0"/>
  <testcase name="testAVLInsert" classname="mylib.datastructures.trees.TreesDataStructuresTest" time="0"/>
</testsuite>